<?xml version="1.0" encoding="UTF-8"?>
<testsuite name="com.thirdparty.cards.eligibility.EligibilityTest" tests="3" skipped="0" failures="0" errors="0" timestamp="2022-03-26T07:11:58" hostname="Roshans-MacBook-Pro.local" time="0.044">
  <properties/>
  <testcase name="testAddingLessCardsThrowsException()" classname="com.thirdparty.cards.eligibility.EligibilityTest" time="0.003"/>
  <testcase name="testNewEligibility()" classname="com.thirdparty.cards.eligibility.EligibilityTest" time="0.039"/>
  <testcase name="testAddingMoreCardsThanEligibleThrowsException()" classname="com.thirdparty.cards.eligibility.EligibilityTest" time="0.0"/>
  <system-out><![CDATA[]]></system-out>
  <system-err><![CDATA[]]></system-err>
</testsuite>
