<?xml version="1.0" encoding="UTF-8"?>
<testsuite name="com.thirdparty.cards.eligibility.EligibilityServiceTest" tests="4" skipped="0" failures="0" errors="0" timestamp="2022-03-26T07:11:58" hostname="Roshans-MacBook-Pro.local" time="0.003">
  <properties/>
  <testcase name="testCheckTheresaIsEligibleForCard2()" classname="com.thirdparty.cards.eligibility.EligibilityServiceTest" time="0.001"/>
  <testcase name="testEveryoneElseIsEligibleForNothing()" classname="com.thirdparty.cards.eligibility.EligibilityServiceTest" time="0.001"/>
  <testcase name="testCheckBorisIsEligibleForCard1()" classname="com.thirdparty.cards.eligibility.EligibilityServiceTest" time="0.001"/>
  <testcase name="testCheckAngelaIsEligibleForCard1AndCard2()" classname="com.thirdparty.cards.eligibility.EligibilityServiceTest" time="0.0"/>
  <system-out><![CDATA[]]></system-out>
  <system-err><![CDATA[]]></system-err>
</testsuite>
