<?xml version="1.0" encoding="UTF-8"?>
<testsuite name="com.thirdparty.cards.CardsApplicationTests" tests="1" skipped="0" failures="0" errors="0" timestamp="2022-03-26T07:11:59" hostname="Roshans-MacBook-Pro.local" time="0.001">
  <properties/>
  <testcase name="contextLoads()" classname="com.thirdparty.cards.CardsApplicationTests" time="0.001"/>
  <system-out><![CDATA[2022-03-26 18:11:58.614  INFO 11981 --- [    Test worker] .b.t.c.SpringBootTestContextBootstrapper : Neither @ContextConfiguration nor @ContextHierarchy found for test class [com.thirdparty.cards.CardsApplicationTests], using SpringBootContextLoader
2022-03-26 18:11:58.614  INFO 11981 --- [    Test worker] o.s.t.c.support.AbstractContextLoader    : Could not detect default resource locations for test class [com.thirdparty.cards.CardsApplicationTests]: no resource found for suffixes {-context.xml, Context.groovy}.
2022-03-26 18:11:58.615  INFO 11981 --- [    Test worker] t.c.s.AnnotationConfigContextLoaderUtils : Could not detect default configuration classes for test class [com.thirdparty.cards.CardsApplicationTests]: CardsApplicationTests does not declare any static, non-private, non-final, nested classes annotated with @Configuration.
2022-03-26 18:11:58.619  INFO 11981 --- [    Test worker] .b.t.c.SpringBootTestContextBootstrapper : Found @SpringBootConfiguration com.thirdparty.cards.CardsApplication for test class com.thirdparty.cards.CardsApplicationTests
2022-03-26 18:11:58.620  INFO 11981 --- [    Test worker] .b.t.c.SpringBootTestContextBootstrapper : Loaded default TestExecutionListener class names from location [META-INF/spring.factories]: [org.springframework.cloud.contract.stubrunner.provider.wiremock.StubRunnerWireMockTestExecutionListener, org.springframework.cloud.contract.wiremock.WireMockTestExecutionListener, org.springframework.boot.test.autoconfigure.restdocs.RestDocsTestExecutionListener, org.springframework.boot.test.autoconfigure.web.client.MockRestServiceServerResetTestExecutionListener, org.springframework.boot.test.autoconfigure.web.servlet.MockMvcPrintOnlyOnFailureTestExecutionListener, org.springframework.boot.test.autoconfigure.web.servlet.WebDriverTestExecutionListener, org.springframework.boot.test.mock.mockito.MockitoTestExecutionListener, org.springframework.boot.test.mock.mockito.ResetMocksTestExecutionListener, org.springframework.test.context.web.ServletTestExecutionListener, org.springframework.test.context.support.DirtiesContextBeforeModesTestExecutionListener, org.springframework.test.context.support.DependencyInjectionTestExecutionListener, org.springframework.test.context.support.DirtiesContextTestExecutionListener, org.springframework.test.context.transaction.TransactionalTestExecutionListener, org.springframework.test.context.jdbc.SqlScriptsTestExecutionListener, org.springframework.test.context.event.EventPublishingTestExecutionListener]
2022-03-26 18:11:58.621  INFO 11981 --- [    Test worker] .b.t.c.SpringBootTestContextBootstrapper : Using TestExecutionListeners: [org.springframework.test.context.web.ServletTestExecutionListener@7c1891a4, org.springframework.test.context.support.DirtiesContextBeforeModesTestExecutionListener@6a55b13e, org.springframework.boot.test.mock.mockito.MockitoTestExecutionListener@6c622281, org.springframework.boot.test.autoconfigure.SpringBootDependencyInjectionTestExecutionListener@12456240, org.springframework.test.context.support.DirtiesContextTestExecutionListener@2ae8541d, org.springframework.test.context.event.EventPublishingTestExecutionListener@6df3dc3f, org.springframework.boot.test.autoconfigure.restdocs.RestDocsTestExecutionListener@10f88d2a, org.springframework.boot.test.autoconfigure.web.client.MockRestServiceServerResetTestExecutionListener@2916ba17, org.springframework.boot.test.autoconfigure.web.servlet.MockMvcPrintOnlyOnFailureTestExecutionListener@41b65b94, org.springframework.boot.test.autoconfigure.web.servlet.WebDriverTestExecutionListener@325765b9, org.springframework.boot.test.mock.mockito.ResetMocksTestExecutionListener@66123f04, org.springframework.cloud.contract.stubrunner.provider.wiremock.StubRunnerWireMockTestExecutionListener@7ac8f7d3, org.springframework.cloud.contract.wiremock.WireMockTestExecutionListener@95169e5]

  .   ____          _            __ _ _
 /\\ / ___'_ __ _ _(_)_ __  __ _ \ \ \ \
( ( )\___ | '_ | '_| | '_ \/ _` | \ \ \ \
 \\/  ___)| |_)| | | | | || (_| |  ) ) ) )
  '  |____| .__|_| |_|_| |_\__, | / / / /
 =========|_|==============|___/=/_/_/_/
 :: Spring Boot ::        (v2.2.3.RELEASE)

2022-03-26 18:11:58.637  INFO 11981 --- [    Test worker] c.t.cards.CardsApplicationTests          : Starting CardsApplicationTests on Roshans-MacBook-Pro.local with PID 11981 (started by uiprof in /Users/uiprof/Downloads/fse-interview-exercise/server/cards/thirdparty)
2022-03-26 18:11:58.637  INFO 11981 --- [    Test worker] c.t.cards.CardsApplicationTests          : No active profile set, falling back to default profiles: default
2022-03-26 18:11:58.958  INFO 11981 --- [    Test worker] o.s.s.concurrent.ThreadPoolTaskExecutor  : Initializing ExecutorService 'applicationTaskExecutor'
2022-03-26 18:11:59.052  INFO 11981 --- [    Test worker] c.t.cards.CardsApplicationTests          : Started CardsApplicationTests in 0.429 seconds (JVM running for 3.327)
]]></system-out>
  <system-err><![CDATA[]]></system-err>
</testsuite>
